Processing of  users.csv  completed successfully at2014/12/16 01:12:57
-------------------------
Processing of  Linux.txt  completed successfully at2014/12/16 01:12:57
-------------------------
Processing of  columns_trim.txt  completed successfully at2014/12/16 01:12:57
-------------------------
Processing of  cow.jpg  completed successfully at2014/12/16 01:12:57
-------------------------
Processing of  cow.jpg  completed successfully at2014/12/16 01:12:57
-------------------------
Processing of  jacob.txt  completed successfully at2014/12/16 01:12:57
-------------------------
Processing of  monday.txt  completed successfully at2014/12/16 01:12:57
-------------------------
Processing of  nomi.txt  completed successfully at2014/12/16 01:12:57
-------------------------
Processing of  bye.txt  completed successfully at2014/12/16 01:12:57
-------------------------
Processing of  users.csv  completed successfully at2014/12/16 01:12:59
-------------------------
Processing of  Linux.txt  completed successfully at2014/12/16 01:12:59
-------------------------
Processing of  columns_trim.txt  completed successfully at2014/12/16 01:12:59
-------------------------
Processing of  cow.jpg  completed successfully at2014/12/16 01:12:59
-------------------------
Processing of  cow.jpg  completed successfully at2014/12/16 01:12:59
-------------------------
Processing of  jacob.txt  completed successfully at2014/12/16 01:12:59
-------------------------
Processing of  monday.txt  completed successfully at2014/12/16 01:12:59
-------------------------
Processing of  nomi.txt  completed successfully at2014/12/16 01:12:59
-------------------------
Processing of  bye.txt  completed successfully at2014/12/16 01:12:59
-------------------------
