Processing of  users.csv  completed successfully at2014/12/16 01:12:44
-------------------------
Processing of  Linux.txt  completed successfully at2014/12/16 01:12:44
-------------------------
Processing of  columns_trim.txt  completed successfully at2014/12/16 01:12:44
-------------------------
Processing of  cow.jpg  completed successfully at2014/12/16 01:12:44
-------------------------
Processing of  cow.jpg  completed successfully at2014/12/16 01:12:44
-------------------------
Processing of  jacob.txt  completed successfully at2014/12/16 01:12:44
-------------------------
Processing of  monday.txt  completed successfully at2014/12/16 01:12:44
-------------------------
Processing of  nomi.txt  completed successfully at2014/12/16 01:12:44
-------------------------
Processing of  bye.txt  completed successfully at2014/12/16 01:12:44
-------------------------
Processing of  users.csv  completed successfully at2014/12/16 01:12:55
-------------------------
Processing of  Linux.txt  completed successfully at2014/12/16 01:12:55
-------------------------
Processing of  columns_trim.txt  completed successfully at2014/12/16 01:12:55
-------------------------
Processing of  cow.jpg  completed successfully at2014/12/16 01:12:55
-------------------------
Processing of  cow.jpg  completed successfully at2014/12/16 01:12:55
-------------------------
Processing of  jacob.txt  completed successfully at2014/12/16 01:12:55
-------------------------
Processing of  monday.txt  completed successfully at2014/12/16 01:12:55
-------------------------
Processing of  nomi.txt  completed successfully at2014/12/16 01:12:55
-------------------------
Processing of  bye.txt  completed successfully at2014/12/16 01:12:55
-------------------------
Processing of  2014-12-04 00:52:25  completed successfully at2014/12/16 02:12:57
-------------------------
Processing of  2014-12-03 12:23:40  completed successfully at2014/12/16 02:12:57
-------------------------
Processing of  2014-12-04 07:36:30  completed successfully at2014/12/16 02:12:57
-------------------------
Processing of  2014-12-10 07:51:39  completed successfully at2014/12/16 02:12:57
-------------------------
Processing of  2014-12-10 08:04:08  completed successfully at2014/12/16 02:12:57
-------------------------
Processing of  2014-12-14 05:09:55  completed successfully at2014/12/16 02:12:57
-------------------------
Processing of  2014-12-14 05:21:48  completed successfully at2014/12/16 02:12:57
-------------------------
Processing of  2014-12-14 05:08:48  completed successfully at2014/12/16 02:12:57
-------------------------
Processing of  2014-12-14 05:05:12  completed successfully at2014/12/16 02:12:57
-------------------------
Processing of    completed successfully at2014/12/16 02:12:44
-------------------------
Processing of    completed successfully at2014/12/16 02:12:44
-------------------------
Processing of    completed successfully at2014/12/16 02:12:44
-------------------------
Processing of    completed successfully at2014/12/16 02:12:44
-------------------------
Processing of    completed successfully at2014/12/16 02:12:44
-------------------------
Processing of    completed successfully at2014/12/16 02:12:44
-------------------------
Processing of    completed successfully at2014/12/16 02:12:44
-------------------------
Processing of    completed successfully at2014/12/16 02:12:44
-------------------------
Processing of    completed successfully at2014/12/16 02:12:12
-------------------------
Processing of    completed successfully at2014/12/16 02:12:12
-------------------------
Processing of    completed successfully at2014/12/16 02:12:12
-------------------------
Processing of    completed successfully at2014/12/16 02:12:12
-------------------------
Processing of    completed successfully at2014/12/16 02:12:12
-------------------------
Processing of    completed successfully at2014/12/16 02:12:12
-------------------------
Processing of    completed successfully at2014/12/16 02:12:12
-------------------------
Processing of    completed successfully at2014/12/16 02:12:59
-------------------------
Processing of    completed successfully at2014/12/16 02:12:59
-------------------------
Processing of    completed successfully at2014/12/16 02:12:59
-------------------------
Processing of    completed successfully at2014/12/16 02:12:59
-------------------------
Processing of    completed successfully at2014/12/16 02:12:59
-------------------------
Processing of    completed successfully at2014/12/16 02:12:59
-------------------------
Processing of    completed successfully at2014/12/16 02:12:59
-------------------------
Processing of    completed successfully at2014/12/16 02:12:00
-------------------------
Processing of    completed successfully at2014/12/16 02:12:00
-------------------------
Processing of    completed successfully at2014/12/16 02:12:00
-------------------------
Processing of    completed successfully at2014/12/16 02:12:00
-------------------------
Processing of    completed successfully at2014/12/16 02:12:00
-------------------------
Processing of    completed successfully at2014/12/16 02:12:00
-------------------------
Processing of  bye.txt  completed successfully at2014/12/16 02:12:03
-------------------------
Processing of  bye.txt  completed successfully at2014/12/16 02:12:03
-------------------------
Processing of  bye.txt  completed successfully at2014/12/16 02:12:03
-------------------------
Processing of  bye.txt  completed successfully at2014/12/16 02:12:03
-------------------------
Processing of  bye.txt  completed successfully at2014/12/16 02:12:03
-------------------------
Processing of  bye.txt  completed successfully at2014/12/16 02:12:03
-------------------------
************
Processing of  bye.txt  completed successfully at2014/12/16 02:12:59
-------------------------
Processing of  bye.txt  completed successfully at2014/12/16 02:12:59
-------------------------
Processing of  bye.txt  completed successfully at2014/12/16 02:12:59
-------------------------
Processing of  bye.txt  completed successfully at2014/12/16 02:12:59
-------------------------
Processing of  bye.txt  completed successfully at2014/12/16 02:12:59
-------------------------
Processing of  bye.txt  completed successfully at2014/12/16 02:12:59
-------------------------
Processing of    completed successfully at 2014/12/16 11:12:28
-------------------------
Processing of    completed successfully at 2014/12/16 11:12:28
-------------------------
Processing of    completed successfully at 2014/12/16 11:12:28
-------------------------
Processing of    completed successfully at 2014/12/16 11:12:28
-------------------------
Processing of    completed successfully at 2014/12/16 11:12:28
-------------------------
Processing of    completed successfully at 2014/12/16 11:12:28
-------------------------
Processing of    completed successfully at 2014/12/16 11:12:28
-------------------------
Processing of    completed successfully at 2014/12/16 11:12:28
-------------------------
Processing of    completed successfully at 2014/12/16 11:12:29
-------------------------
Processing of    completed successfully at 2014/12/16 11:12:29
-------------------------
Processing of    completed successfully at 2014/12/16 11:12:29
-------------------------
Processing of    completed successfully at 2014/12/16 11:12:29
-------------------------
Processing of    completed successfully at 2014/12/16 11:12:29
-------------------------
Processing of    completed successfully at 2014/12/16 11:12:29
-------------------------
Processing of    completed successfully at 2014/12/16 11:12:29
-------------------------
Processing of    completed successfully at 2014/12/16 11:12:29
-------------------------
Processing of    completed successfully at 2014/12/16 11:12:30
-------------------------
Processing of    completed successfully at 2014/12/16 11:12:30
-------------------------
Processing of    completed successfully at 2014/12/16 11:12:30
-------------------------
Processing of    completed successfully at 2014/12/16 11:12:30
-------------------------
Processing of    completed successfully at 2014/12/16 11:12:30
-------------------------
Processing of    completed successfully at 2014/12/16 11:12:30
-------------------------
Processing of    completed successfully at 2014/12/16 11:12:30
-------------------------
Processing of    completed successfully at 2014/12/16 11:12:30
-------------------------
Processing of users.csv   completed successfully at 2014/12/16 11:12:14
-------------------------
Processing of Linux.txt   completed successfully at 2014/12/16 11:12:14
-------------------------
Processing of cow.jpg   completed successfully at 2014/12/16 11:12:14
-------------------------
Processing of cow.jpg   completed successfully at 2014/12/16 11:12:14
-------------------------
Processing of jacob.txt   completed successfully at 2014/12/16 11:12:14
-------------------------
Processing of monday.txt   completed successfully at 2014/12/16 11:12:14
-------------------------
Processing of nomi.txt   completed successfully at 2014/12/16 11:12:14
-------------------------
Processing of bye.txt   completed successfully at 2014/12/16 11:12:14
-------------------------
Processing of users.csv   completed successfully at 2014/12/16 12:12:54
-------------------------
