Processing of users.csv   completed successfully at 2014/12/17 12:12:53
-------------------------
Processing of Linux.txt   completed successfully at 2014/12/17 12:12:53
-------------------------
Processing of cow.jpg   completed successfully at 2014/12/17 12:12:53
-------------------------
Processing of cow.jpg   completed successfully at 2014/12/17 12:12:53
-------------------------
Processing of jacob.txt   completed successfully at 2014/12/17 12:12:53
-------------------------
Processing of monday.txt   completed successfully at 2014/12/17 12:12:53
-------------------------
Processing of nomi.txt   completed successfully at 2014/12/17 12:12:53
-------------------------
Processing of bye.txt   completed successfully at 2014/12/17 12:12:53
-------------------------
Processing of columns_trim.txt   completed successfully at 2014/12/17 12:12:35
-------------------------
*****************Processing of users.csv   completed successfully at 2014/12/17 01:12:01
-------------------------
Processing of Linux.txt   completed successfully at 2014/12/17 01:12:01
-------------------------
Processing of columns_trim.txt   completed successfully at 2014/12/17 01:12:01
-------------------------
Processing of cow.jpg   completed successfully at 2014/12/17 01:12:01
-------------------------
Processing of cow.jpg   completed successfully at 2014/12/17 01:12:01
-------------------------
Processing of jacob.txt   completed successfully at 2014/12/17 01:12:01
-------------------------
Processing of monday.txt   completed successfully at 2014/12/17 01:12:01
-------------------------
Processing of nomi.txt   completed successfully at 2014/12/17 01:12:01
-------------------------
Processing of bye.txt   completed successfully at 2014/12/17 01:12:01
-------------------------
Processing of hi how.txt   completed successfully at 2014/12/17 07:12:02
-------------------------
